ARM GAS  /tmp/ccgDNpMs.s 			page 1


   1              		.cpu cortex-m4
   2              		.eabi_attribute 27, 1
   3              		.eabi_attribute 28, 1
   4              		.eabi_attribute 20, 1
   5              		.eabi_attribute 21, 1
   6              		.eabi_attribute 23, 3
   7              		.eabi_attribute 24, 1
   8              		.eabi_attribute 25, 1
   9              		.eabi_attribute 26, 1
  10              		.eabi_attribute 30, 1
  11              		.eabi_attribute 34, 1
  12              		.eabi_attribute 18, 4
  13              		.file	"stm32f4xx_hal_msp.c"
  14              		.text
  15              	.Ltext0:
  16              		.cfi_sections	.debug_frame
  17              		.section	.text.HAL_MspInit,"ax",%progbits
  18              		.align	1
  19              		.global	HAL_MspInit
  20              		.arch armv7e-m
  21              		.syntax unified
  22              		.thumb
  23              		.thumb_func
  24              		.fpu fpv4-sp-d16
  26              	HAL_MspInit:
  27              	.LFB130:
  28              		.file 1 "Src/stm32f4xx_hal_msp.c"
   1:Src/stm32f4xx_hal_msp.c **** /* USER CODE BEGIN Header */
   2:Src/stm32f4xx_hal_msp.c **** /**
   3:Src/stm32f4xx_hal_msp.c ****   ******************************************************************************
   4:Src/stm32f4xx_hal_msp.c ****   * File Name          : stm32f4xx_hal_msp.c
   5:Src/stm32f4xx_hal_msp.c ****   * Description        : This file provides code for the MSP Initialization 
   6:Src/stm32f4xx_hal_msp.c ****   *                      and de-Initialization codes.
   7:Src/stm32f4xx_hal_msp.c ****   ******************************************************************************
   8:Src/stm32f4xx_hal_msp.c ****   * @attention
   9:Src/stm32f4xx_hal_msp.c ****   *
  10:Src/stm32f4xx_hal_msp.c ****   * <h2><center>&copy; Copyright (c) 2020 STMicroelectronics.
  11:Src/stm32f4xx_hal_msp.c ****   * All rights reserved.</center></h2>
  12:Src/stm32f4xx_hal_msp.c ****   *
  13:Src/stm32f4xx_hal_msp.c ****   * This software component is licensed by ST under BSD 3-Clause license,
  14:Src/stm32f4xx_hal_msp.c ****   * the "License"; You may not use this file except in compliance with the
  15:Src/stm32f4xx_hal_msp.c ****   * License. You may obtain a copy of the License at:
  16:Src/stm32f4xx_hal_msp.c ****   *                        opensource.org/licenses/BSD-3-Clause
  17:Src/stm32f4xx_hal_msp.c ****   *
  18:Src/stm32f4xx_hal_msp.c ****   ******************************************************************************
  19:Src/stm32f4xx_hal_msp.c ****   */
  20:Src/stm32f4xx_hal_msp.c **** /* USER CODE END Header */
  21:Src/stm32f4xx_hal_msp.c **** 
  22:Src/stm32f4xx_hal_msp.c **** /* Includes ------------------------------------------------------------------*/
  23:Src/stm32f4xx_hal_msp.c **** #include "main.h"
  24:Src/stm32f4xx_hal_msp.c **** /* USER CODE BEGIN Includes */
  25:Src/stm32f4xx_hal_msp.c **** 
  26:Src/stm32f4xx_hal_msp.c **** /* USER CODE END Includes */
  27:Src/stm32f4xx_hal_msp.c **** 
  28:Src/stm32f4xx_hal_msp.c **** /* Private typedef -----------------------------------------------------------*/
  29:Src/stm32f4xx_hal_msp.c **** /* USER CODE BEGIN TD */
  30:Src/stm32f4xx_hal_msp.c **** 
ARM GAS  /tmp/ccgDNpMs.s 			page 2


  31:Src/stm32f4xx_hal_msp.c **** /* USER CODE END TD */
  32:Src/stm32f4xx_hal_msp.c **** 
  33:Src/stm32f4xx_hal_msp.c **** /* Private define ------------------------------------------------------------*/
  34:Src/stm32f4xx_hal_msp.c **** /* USER CODE BEGIN Define */
  35:Src/stm32f4xx_hal_msp.c ****  
  36:Src/stm32f4xx_hal_msp.c **** /* USER CODE END Define */
  37:Src/stm32f4xx_hal_msp.c **** 
  38:Src/stm32f4xx_hal_msp.c **** /* Private macro -------------------------------------------------------------*/
  39:Src/stm32f4xx_hal_msp.c **** /* USER CODE BEGIN Macro */
  40:Src/stm32f4xx_hal_msp.c **** 
  41:Src/stm32f4xx_hal_msp.c **** /* USER CODE END Macro */
  42:Src/stm32f4xx_hal_msp.c **** 
  43:Src/stm32f4xx_hal_msp.c **** /* Private variables ---------------------------------------------------------*/
  44:Src/stm32f4xx_hal_msp.c **** /* USER CODE BEGIN PV */
  45:Src/stm32f4xx_hal_msp.c **** 
  46:Src/stm32f4xx_hal_msp.c **** /* USER CODE END PV */
  47:Src/stm32f4xx_hal_msp.c **** 
  48:Src/stm32f4xx_hal_msp.c **** /* Private function prototypes -----------------------------------------------*/
  49:Src/stm32f4xx_hal_msp.c **** /* USER CODE BEGIN PFP */
  50:Src/stm32f4xx_hal_msp.c **** 
  51:Src/stm32f4xx_hal_msp.c **** /* USER CODE END PFP */
  52:Src/stm32f4xx_hal_msp.c **** 
  53:Src/stm32f4xx_hal_msp.c **** /* External functions --------------------------------------------------------*/
  54:Src/stm32f4xx_hal_msp.c **** /* USER CODE BEGIN ExternalFunctions */
  55:Src/stm32f4xx_hal_msp.c **** 
  56:Src/stm32f4xx_hal_msp.c **** /* USER CODE END ExternalFunctions */
  57:Src/stm32f4xx_hal_msp.c **** 
  58:Src/stm32f4xx_hal_msp.c **** /* USER CODE BEGIN 0 */
  59:Src/stm32f4xx_hal_msp.c **** 
  60:Src/stm32f4xx_hal_msp.c **** /* USER CODE END 0 */
  61:Src/stm32f4xx_hal_msp.c **** /**
  62:Src/stm32f4xx_hal_msp.c ****   * Initializes the Global MSP.
  63:Src/stm32f4xx_hal_msp.c ****   */
  64:Src/stm32f4xx_hal_msp.c **** void HAL_MspInit(void)
  65:Src/stm32f4xx_hal_msp.c **** {
  29              		.loc 1 65 1 view -0
  30              		.cfi_startproc
  31              		@ args = 0, pretend = 0, frame = 8
  32              		@ frame_needed = 0, uses_anonymous_args = 0
  33 0000 00B5     		push	{lr}
  34              	.LCFI0:
  35              		.cfi_def_cfa_offset 4
  36              		.cfi_offset 14, -4
  37 0002 83B0     		sub	sp, sp, #12
  38              	.LCFI1:
  39              		.cfi_def_cfa_offset 16
  66:Src/stm32f4xx_hal_msp.c ****   /* USER CODE BEGIN MspInit 0 */
  67:Src/stm32f4xx_hal_msp.c **** 
  68:Src/stm32f4xx_hal_msp.c ****   /* USER CODE END MspInit 0 */
  69:Src/stm32f4xx_hal_msp.c **** 
  70:Src/stm32f4xx_hal_msp.c ****   __HAL_RCC_SYSCFG_CLK_ENABLE();
  40              		.loc 1 70 3 view .LVU1
  41              	.LBB2:
  42              		.loc 1 70 3 view .LVU2
  43 0004 0021     		movs	r1, #0
  44 0006 0091     		str	r1, [sp]
  45              		.loc 1 70 3 view .LVU3
ARM GAS  /tmp/ccgDNpMs.s 			page 3


  46 0008 0C4B     		ldr	r3, .L3
  47 000a 5A6C     		ldr	r2, [r3, #68]
  48 000c 42F48042 		orr	r2, r2, #16384
  49 0010 5A64     		str	r2, [r3, #68]
  50              		.loc 1 70 3 view .LVU4
  51 0012 5A6C     		ldr	r2, [r3, #68]
  52 0014 02F48042 		and	r2, r2, #16384
  53 0018 0092     		str	r2, [sp]
  54              		.loc 1 70 3 view .LVU5
  55 001a 009A     		ldr	r2, [sp]
  56              	.LBE2:
  57              		.loc 1 70 3 view .LVU6
  71:Src/stm32f4xx_hal_msp.c ****   __HAL_RCC_PWR_CLK_ENABLE();
  58              		.loc 1 71 3 view .LVU7
  59              	.LBB3:
  60              		.loc 1 71 3 view .LVU8
  61 001c 0191     		str	r1, [sp, #4]
  62              		.loc 1 71 3 view .LVU9
  63 001e 1A6C     		ldr	r2, [r3, #64]
  64 0020 42F08052 		orr	r2, r2, #268435456
  65 0024 1A64     		str	r2, [r3, #64]
  66              		.loc 1 71 3 view .LVU10
  67 0026 1B6C     		ldr	r3, [r3, #64]
  68 0028 03F08053 		and	r3, r3, #268435456
  69 002c 0193     		str	r3, [sp, #4]
  70              		.loc 1 71 3 view .LVU11
  71 002e 019B     		ldr	r3, [sp, #4]
  72              	.LBE3:
  73              		.loc 1 71 3 view .LVU12
  72:Src/stm32f4xx_hal_msp.c **** 
  73:Src/stm32f4xx_hal_msp.c ****   HAL_NVIC_SetPriorityGrouping(NVIC_PRIORITYGROUP_0);
  74              		.loc 1 73 3 view .LVU13
  75 0030 0720     		movs	r0, #7
  76 0032 FFF7FEFF 		bl	HAL_NVIC_SetPriorityGrouping
  77              	.LVL0:
  74:Src/stm32f4xx_hal_msp.c **** 
  75:Src/stm32f4xx_hal_msp.c ****   /* System interrupt init*/
  76:Src/stm32f4xx_hal_msp.c **** 
  77:Src/stm32f4xx_hal_msp.c ****   /* USER CODE BEGIN MspInit 1 */
  78:Src/stm32f4xx_hal_msp.c **** 
  79:Src/stm32f4xx_hal_msp.c ****   /* USER CODE END MspInit 1 */
  80:Src/stm32f4xx_hal_msp.c **** }
  78              		.loc 1 80 1 is_stmt 0 view .LVU14
  79 0036 03B0     		add	sp, sp, #12
  80              	.LCFI2:
  81              		.cfi_def_cfa_offset 4
  82              		@ sp needed
  83 0038 5DF804FB 		ldr	pc, [sp], #4
  84              	.L4:
  85              		.align	2
  86              	.L3:
  87 003c 00380240 		.word	1073887232
  88              		.cfi_endproc
  89              	.LFE130:
  91              		.section	.text.HAL_SPI_MspInit,"ax",%progbits
  92              		.align	1
  93              		.global	HAL_SPI_MspInit
ARM GAS  /tmp/ccgDNpMs.s 			page 4


  94              		.syntax unified
  95              		.thumb
  96              		.thumb_func
  97              		.fpu fpv4-sp-d16
  99              	HAL_SPI_MspInit:
 100              	.LVL1:
 101              	.LFB131:
  81:Src/stm32f4xx_hal_msp.c **** 
  82:Src/stm32f4xx_hal_msp.c **** /**
  83:Src/stm32f4xx_hal_msp.c **** * @brief SPI MSP Initialization
  84:Src/stm32f4xx_hal_msp.c **** * This function configures the hardware resources used in this example
  85:Src/stm32f4xx_hal_msp.c **** * @param hspi: SPI handle pointer
  86:Src/stm32f4xx_hal_msp.c **** * @retval None
  87:Src/stm32f4xx_hal_msp.c **** */
  88:Src/stm32f4xx_hal_msp.c **** void HAL_SPI_MspInit(SPI_HandleTypeDef* hspi)
  89:Src/stm32f4xx_hal_msp.c **** {
 102              		.loc 1 89 1 is_stmt 1 view -0
 103              		.cfi_startproc
 104              		@ args = 0, pretend = 0, frame = 32
 105              		@ frame_needed = 0, uses_anonymous_args = 0
 106              		.loc 1 89 1 is_stmt 0 view .LVU16
 107 0000 00B5     		push	{lr}
 108              	.LCFI3:
 109              		.cfi_def_cfa_offset 4
 110              		.cfi_offset 14, -4
 111 0002 89B0     		sub	sp, sp, #36
 112              	.LCFI4:
 113              		.cfi_def_cfa_offset 40
  90:Src/stm32f4xx_hal_msp.c ****   GPIO_InitTypeDef GPIO_InitStruct = {0};
 114              		.loc 1 90 3 is_stmt 1 view .LVU17
 115              		.loc 1 90 20 is_stmt 0 view .LVU18
 116 0004 0023     		movs	r3, #0
 117 0006 0393     		str	r3, [sp, #12]
 118 0008 0493     		str	r3, [sp, #16]
 119 000a 0593     		str	r3, [sp, #20]
 120 000c 0693     		str	r3, [sp, #24]
 121 000e 0793     		str	r3, [sp, #28]
  91:Src/stm32f4xx_hal_msp.c ****   if(hspi->Instance==SPI1)
 122              		.loc 1 91 3 is_stmt 1 view .LVU19
 123              		.loc 1 91 10 is_stmt 0 view .LVU20
 124 0010 0268     		ldr	r2, [r0]
 125              		.loc 1 91 5 view .LVU21
 126 0012 154B     		ldr	r3, .L9
 127 0014 9A42     		cmp	r2, r3
 128 0016 02D0     		beq	.L8
 129              	.LVL2:
 130              	.L5:
  92:Src/stm32f4xx_hal_msp.c ****   {
  93:Src/stm32f4xx_hal_msp.c ****   /* USER CODE BEGIN SPI1_MspInit 0 */
  94:Src/stm32f4xx_hal_msp.c **** 
  95:Src/stm32f4xx_hal_msp.c ****   /* USER CODE END SPI1_MspInit 0 */
  96:Src/stm32f4xx_hal_msp.c ****     /* Peripheral clock enable */
  97:Src/stm32f4xx_hal_msp.c ****     __HAL_RCC_SPI1_CLK_ENABLE();
  98:Src/stm32f4xx_hal_msp.c ****   
  99:Src/stm32f4xx_hal_msp.c ****     __HAL_RCC_GPIOA_CLK_ENABLE();
 100:Src/stm32f4xx_hal_msp.c ****     /**SPI1 GPIO Configuration    
 101:Src/stm32f4xx_hal_msp.c ****     PA5     ------> SPI1_SCK
ARM GAS  /tmp/ccgDNpMs.s 			page 5


 102:Src/stm32f4xx_hal_msp.c ****     PA7     ------> SPI1_MOSI 
 103:Src/stm32f4xx_hal_msp.c ****     */
 104:Src/stm32f4xx_hal_msp.c ****     GPIO_InitStruct.Pin = GPIO_PIN_5|GPIO_PIN_7;
 105:Src/stm32f4xx_hal_msp.c ****     GPIO_InitStruct.Mode = GPIO_MODE_AF_PP;
 106:Src/stm32f4xx_hal_msp.c ****     GPIO_InitStruct.Pull = GPIO_NOPULL;
 107:Src/stm32f4xx_hal_msp.c ****     GPIO_InitStruct.Speed = GPIO_SPEED_FREQ_VERY_HIGH;
 108:Src/stm32f4xx_hal_msp.c ****     GPIO_InitStruct.Alternate = GPIO_AF5_SPI1;
 109:Src/stm32f4xx_hal_msp.c ****     HAL_GPIO_Init(GPIOA, &GPIO_InitStruct);
 110:Src/stm32f4xx_hal_msp.c **** 
 111:Src/stm32f4xx_hal_msp.c ****   /* USER CODE BEGIN SPI1_MspInit 1 */
 112:Src/stm32f4xx_hal_msp.c **** 
 113:Src/stm32f4xx_hal_msp.c ****   /* USER CODE END SPI1_MspInit 1 */
 114:Src/stm32f4xx_hal_msp.c ****   }
 115:Src/stm32f4xx_hal_msp.c **** 
 116:Src/stm32f4xx_hal_msp.c **** }
 131              		.loc 1 116 1 view .LVU22
 132 0018 09B0     		add	sp, sp, #36
 133              	.LCFI5:
 134              		.cfi_remember_state
 135              		.cfi_def_cfa_offset 4
 136              		@ sp needed
 137 001a 5DF804FB 		ldr	pc, [sp], #4
 138              	.LVL3:
 139              	.L8:
 140              	.LCFI6:
 141              		.cfi_restore_state
  97:Src/stm32f4xx_hal_msp.c ****   
 142              		.loc 1 97 5 is_stmt 1 view .LVU23
 143              	.LBB4:
  97:Src/stm32f4xx_hal_msp.c ****   
 144              		.loc 1 97 5 view .LVU24
 145 001e 0021     		movs	r1, #0
 146 0020 0191     		str	r1, [sp, #4]
  97:Src/stm32f4xx_hal_msp.c ****   
 147              		.loc 1 97 5 view .LVU25
 148 0022 03F58433 		add	r3, r3, #67584
 149 0026 5A6C     		ldr	r2, [r3, #68]
 150 0028 42F48052 		orr	r2, r2, #4096
 151 002c 5A64     		str	r2, [r3, #68]
  97:Src/stm32f4xx_hal_msp.c ****   
 152              		.loc 1 97 5 view .LVU26
 153 002e 5A6C     		ldr	r2, [r3, #68]
 154 0030 02F48052 		and	r2, r2, #4096
 155 0034 0192     		str	r2, [sp, #4]
  97:Src/stm32f4xx_hal_msp.c ****   
 156              		.loc 1 97 5 view .LVU27
 157 0036 019A     		ldr	r2, [sp, #4]
 158              	.LBE4:
  97:Src/stm32f4xx_hal_msp.c ****   
 159              		.loc 1 97 5 view .LVU28
  99:Src/stm32f4xx_hal_msp.c ****     /**SPI1 GPIO Configuration    
 160              		.loc 1 99 5 view .LVU29
 161              	.LBB5:
  99:Src/stm32f4xx_hal_msp.c ****     /**SPI1 GPIO Configuration    
 162              		.loc 1 99 5 view .LVU30
 163 0038 0291     		str	r1, [sp, #8]
  99:Src/stm32f4xx_hal_msp.c ****     /**SPI1 GPIO Configuration    
ARM GAS  /tmp/ccgDNpMs.s 			page 6


 164              		.loc 1 99 5 view .LVU31
 165 003a 1A6B     		ldr	r2, [r3, #48]
 166 003c 42F00102 		orr	r2, r2, #1
 167 0040 1A63     		str	r2, [r3, #48]
  99:Src/stm32f4xx_hal_msp.c ****     /**SPI1 GPIO Configuration    
 168              		.loc 1 99 5 view .LVU32
 169 0042 1B6B     		ldr	r3, [r3, #48]
 170 0044 03F00103 		and	r3, r3, #1
 171 0048 0293     		str	r3, [sp, #8]
  99:Src/stm32f4xx_hal_msp.c ****     /**SPI1 GPIO Configuration    
 172              		.loc 1 99 5 view .LVU33
 173 004a 029B     		ldr	r3, [sp, #8]
 174              	.LBE5:
  99:Src/stm32f4xx_hal_msp.c ****     /**SPI1 GPIO Configuration    
 175              		.loc 1 99 5 view .LVU34
 104:Src/stm32f4xx_hal_msp.c ****     GPIO_InitStruct.Mode = GPIO_MODE_AF_PP;
 176              		.loc 1 104 5 view .LVU35
 104:Src/stm32f4xx_hal_msp.c ****     GPIO_InitStruct.Mode = GPIO_MODE_AF_PP;
 177              		.loc 1 104 25 is_stmt 0 view .LVU36
 178 004c A023     		movs	r3, #160
 179 004e 0393     		str	r3, [sp, #12]
 105:Src/stm32f4xx_hal_msp.c ****     GPIO_InitStruct.Pull = GPIO_NOPULL;
 180              		.loc 1 105 5 is_stmt 1 view .LVU37
 105:Src/stm32f4xx_hal_msp.c ****     GPIO_InitStruct.Pull = GPIO_NOPULL;
 181              		.loc 1 105 26 is_stmt 0 view .LVU38
 182 0050 0223     		movs	r3, #2
 183 0052 0493     		str	r3, [sp, #16]
 106:Src/stm32f4xx_hal_msp.c ****     GPIO_InitStruct.Speed = GPIO_SPEED_FREQ_VERY_HIGH;
 184              		.loc 1 106 5 is_stmt 1 view .LVU39
 107:Src/stm32f4xx_hal_msp.c ****     GPIO_InitStruct.Alternate = GPIO_AF5_SPI1;
 185              		.loc 1 107 5 view .LVU40
 107:Src/stm32f4xx_hal_msp.c ****     GPIO_InitStruct.Alternate = GPIO_AF5_SPI1;
 186              		.loc 1 107 27 is_stmt 0 view .LVU41
 187 0054 0323     		movs	r3, #3
 188 0056 0693     		str	r3, [sp, #24]
 108:Src/stm32f4xx_hal_msp.c ****     HAL_GPIO_Init(GPIOA, &GPIO_InitStruct);
 189              		.loc 1 108 5 is_stmt 1 view .LVU42
 108:Src/stm32f4xx_hal_msp.c ****     HAL_GPIO_Init(GPIOA, &GPIO_InitStruct);
 190              		.loc 1 108 31 is_stmt 0 view .LVU43
 191 0058 0523     		movs	r3, #5
 192 005a 0793     		str	r3, [sp, #28]
 109:Src/stm32f4xx_hal_msp.c **** 
 193              		.loc 1 109 5 is_stmt 1 view .LVU44
 194 005c 03A9     		add	r1, sp, #12
 195 005e 0348     		ldr	r0, .L9+4
 196              	.LVL4:
 109:Src/stm32f4xx_hal_msp.c **** 
 197              		.loc 1 109 5 is_stmt 0 view .LVU45
 198 0060 FFF7FEFF 		bl	HAL_GPIO_Init
 199              	.LVL5:
 200              		.loc 1 116 1 view .LVU46
 201 0064 D8E7     		b	.L5
 202              	.L10:
 203 0066 00BF     		.align	2
 204              	.L9:
 205 0068 00300140 		.word	1073819648
 206 006c 00000240 		.word	1073872896
ARM GAS  /tmp/ccgDNpMs.s 			page 7


 207              		.cfi_endproc
 208              	.LFE131:
 210              		.section	.text.HAL_SPI_MspDeInit,"ax",%progbits
 211              		.align	1
 212              		.global	HAL_SPI_MspDeInit
 213              		.syntax unified
 214              		.thumb
 215              		.thumb_func
 216              		.fpu fpv4-sp-d16
 218              	HAL_SPI_MspDeInit:
 219              	.LVL6:
 220              	.LFB132:
 117:Src/stm32f4xx_hal_msp.c **** 
 118:Src/stm32f4xx_hal_msp.c **** /**
 119:Src/stm32f4xx_hal_msp.c **** * @brief SPI MSP De-Initialization
 120:Src/stm32f4xx_hal_msp.c **** * This function freeze the hardware resources used in this example
 121:Src/stm32f4xx_hal_msp.c **** * @param hspi: SPI handle pointer
 122:Src/stm32f4xx_hal_msp.c **** * @retval None
 123:Src/stm32f4xx_hal_msp.c **** */
 124:Src/stm32f4xx_hal_msp.c **** void HAL_SPI_MspDeInit(SPI_HandleTypeDef* hspi)
 125:Src/stm32f4xx_hal_msp.c **** {
 221              		.loc 1 125 1 is_stmt 1 view -0
 222              		.cfi_startproc
 223              		@ args = 0, pretend = 0, frame = 0
 224              		@ frame_needed = 0, uses_anonymous_args = 0
 225              		.loc 1 125 1 is_stmt 0 view .LVU48
 226 0000 08B5     		push	{r3, lr}
 227              	.LCFI7:
 228              		.cfi_def_cfa_offset 8
 229              		.cfi_offset 3, -8
 230              		.cfi_offset 14, -4
 126:Src/stm32f4xx_hal_msp.c ****   if(hspi->Instance==SPI1)
 231              		.loc 1 126 3 is_stmt 1 view .LVU49
 232              		.loc 1 126 10 is_stmt 0 view .LVU50
 233 0002 0268     		ldr	r2, [r0]
 234              		.loc 1 126 5 view .LVU51
 235 0004 064B     		ldr	r3, .L15
 236 0006 9A42     		cmp	r2, r3
 237 0008 00D0     		beq	.L14
 238              	.LVL7:
 239              	.L11:
 127:Src/stm32f4xx_hal_msp.c ****   {
 128:Src/stm32f4xx_hal_msp.c ****   /* USER CODE BEGIN SPI1_MspDeInit 0 */
 129:Src/stm32f4xx_hal_msp.c **** 
 130:Src/stm32f4xx_hal_msp.c ****   /* USER CODE END SPI1_MspDeInit 0 */
 131:Src/stm32f4xx_hal_msp.c ****     /* Peripheral clock disable */
 132:Src/stm32f4xx_hal_msp.c ****     __HAL_RCC_SPI1_CLK_DISABLE();
 133:Src/stm32f4xx_hal_msp.c ****   
 134:Src/stm32f4xx_hal_msp.c ****     /**SPI1 GPIO Configuration    
 135:Src/stm32f4xx_hal_msp.c ****     PA5     ------> SPI1_SCK
 136:Src/stm32f4xx_hal_msp.c ****     PA7     ------> SPI1_MOSI 
 137:Src/stm32f4xx_hal_msp.c ****     */
 138:Src/stm32f4xx_hal_msp.c ****     HAL_GPIO_DeInit(GPIOA, GPIO_PIN_5|GPIO_PIN_7);
 139:Src/stm32f4xx_hal_msp.c **** 
 140:Src/stm32f4xx_hal_msp.c ****   /* USER CODE BEGIN SPI1_MspDeInit 1 */
 141:Src/stm32f4xx_hal_msp.c **** 
 142:Src/stm32f4xx_hal_msp.c ****   /* USER CODE END SPI1_MspDeInit 1 */
ARM GAS  /tmp/ccgDNpMs.s 			page 8


 143:Src/stm32f4xx_hal_msp.c ****   }
 144:Src/stm32f4xx_hal_msp.c **** 
 145:Src/stm32f4xx_hal_msp.c **** }
 240              		.loc 1 145 1 view .LVU52
 241 000a 08BD     		pop	{r3, pc}
 242              	.LVL8:
 243              	.L14:
 132:Src/stm32f4xx_hal_msp.c ****   
 244              		.loc 1 132 5 is_stmt 1 view .LVU53
 245 000c 054A     		ldr	r2, .L15+4
 246 000e 536C     		ldr	r3, [r2, #68]
 247 0010 23F48053 		bic	r3, r3, #4096
 248 0014 5364     		str	r3, [r2, #68]
 138:Src/stm32f4xx_hal_msp.c **** 
 249              		.loc 1 138 5 view .LVU54
 250 0016 A021     		movs	r1, #160
 251 0018 0348     		ldr	r0, .L15+8
 252              	.LVL9:
 138:Src/stm32f4xx_hal_msp.c **** 
 253              		.loc 1 138 5 is_stmt 0 view .LVU55
 254 001a FFF7FEFF 		bl	HAL_GPIO_DeInit
 255              	.LVL10:
 256              		.loc 1 145 1 view .LVU56
 257 001e F4E7     		b	.L11
 258              	.L16:
 259              		.align	2
 260              	.L15:
 261 0020 00300140 		.word	1073819648
 262 0024 00380240 		.word	1073887232
 263 0028 00000240 		.word	1073872896
 264              		.cfi_endproc
 265              	.LFE132:
 267              		.section	.text.HAL_TIM_Base_MspInit,"ax",%progbits
 268              		.align	1
 269              		.global	HAL_TIM_Base_MspInit
 270              		.syntax unified
 271              		.thumb
 272              		.thumb_func
 273              		.fpu fpv4-sp-d16
 275              	HAL_TIM_Base_MspInit:
 276              	.LVL11:
 277              	.LFB133:
 146:Src/stm32f4xx_hal_msp.c **** 
 147:Src/stm32f4xx_hal_msp.c **** /**
 148:Src/stm32f4xx_hal_msp.c **** * @brief TIM_Base MSP Initialization
 149:Src/stm32f4xx_hal_msp.c **** * This function configures the hardware resources used in this example
 150:Src/stm32f4xx_hal_msp.c **** * @param htim_base: TIM_Base handle pointer
 151:Src/stm32f4xx_hal_msp.c **** * @retval None
 152:Src/stm32f4xx_hal_msp.c **** */
 153:Src/stm32f4xx_hal_msp.c **** void HAL_TIM_Base_MspInit(TIM_HandleTypeDef* htim_base)
 154:Src/stm32f4xx_hal_msp.c **** {
 278              		.loc 1 154 1 is_stmt 1 view -0
 279              		.cfi_startproc
 280              		@ args = 0, pretend = 0, frame = 32
 281              		@ frame_needed = 0, uses_anonymous_args = 0
 282              		.loc 1 154 1 is_stmt 0 view .LVU58
 283 0000 00B5     		push	{lr}
ARM GAS  /tmp/ccgDNpMs.s 			page 9


 284              	.LCFI8:
 285              		.cfi_def_cfa_offset 4
 286              		.cfi_offset 14, -4
 287 0002 89B0     		sub	sp, sp, #36
 288              	.LCFI9:
 289              		.cfi_def_cfa_offset 40
 155:Src/stm32f4xx_hal_msp.c ****   GPIO_InitTypeDef GPIO_InitStruct = {0};
 290              		.loc 1 155 3 is_stmt 1 view .LVU59
 291              		.loc 1 155 20 is_stmt 0 view .LVU60
 292 0004 0023     		movs	r3, #0
 293 0006 0393     		str	r3, [sp, #12]
 294 0008 0493     		str	r3, [sp, #16]
 295 000a 0593     		str	r3, [sp, #20]
 296 000c 0693     		str	r3, [sp, #24]
 297 000e 0793     		str	r3, [sp, #28]
 156:Src/stm32f4xx_hal_msp.c ****   if(htim_base->Instance==TIM1)
 298              		.loc 1 156 3 is_stmt 1 view .LVU61
 299              		.loc 1 156 15 is_stmt 0 view .LVU62
 300 0010 0268     		ldr	r2, [r0]
 301              		.loc 1 156 5 view .LVU63
 302 0012 144B     		ldr	r3, .L21
 303 0014 9A42     		cmp	r2, r3
 304 0016 02D0     		beq	.L20
 305              	.LVL12:
 306              	.L17:
 157:Src/stm32f4xx_hal_msp.c ****   {
 158:Src/stm32f4xx_hal_msp.c ****   /* USER CODE BEGIN TIM1_MspInit 0 */
 159:Src/stm32f4xx_hal_msp.c **** 
 160:Src/stm32f4xx_hal_msp.c ****   /* USER CODE END TIM1_MspInit 0 */
 161:Src/stm32f4xx_hal_msp.c ****     /* Peripheral clock enable */
 162:Src/stm32f4xx_hal_msp.c ****     __HAL_RCC_TIM1_CLK_ENABLE();
 163:Src/stm32f4xx_hal_msp.c ****   
 164:Src/stm32f4xx_hal_msp.c ****     __HAL_RCC_GPIOA_CLK_ENABLE();
 165:Src/stm32f4xx_hal_msp.c ****     /**TIM1 GPIO Configuration    
 166:Src/stm32f4xx_hal_msp.c ****     PA12     ------> TIM1_ETR 
 167:Src/stm32f4xx_hal_msp.c ****     */
 168:Src/stm32f4xx_hal_msp.c ****     GPIO_InitStruct.Pin = GPIO_PIN_12;
 169:Src/stm32f4xx_hal_msp.c ****     GPIO_InitStruct.Mode = GPIO_MODE_AF_PP;
 170:Src/stm32f4xx_hal_msp.c ****     GPIO_InitStruct.Pull = GPIO_NOPULL;
 171:Src/stm32f4xx_hal_msp.c ****     GPIO_InitStruct.Speed = GPIO_SPEED_FREQ_LOW;
 172:Src/stm32f4xx_hal_msp.c ****     GPIO_InitStruct.Alternate = GPIO_AF1_TIM1;
 173:Src/stm32f4xx_hal_msp.c ****     HAL_GPIO_Init(GPIOA, &GPIO_InitStruct);
 174:Src/stm32f4xx_hal_msp.c **** 
 175:Src/stm32f4xx_hal_msp.c ****   /* USER CODE BEGIN TIM1_MspInit 1 */
 176:Src/stm32f4xx_hal_msp.c **** 
 177:Src/stm32f4xx_hal_msp.c ****   /* USER CODE END TIM1_MspInit 1 */
 178:Src/stm32f4xx_hal_msp.c ****   }
 179:Src/stm32f4xx_hal_msp.c **** 
 180:Src/stm32f4xx_hal_msp.c **** }
 307              		.loc 1 180 1 view .LVU64
 308 0018 09B0     		add	sp, sp, #36
 309              	.LCFI10:
 310              		.cfi_remember_state
 311              		.cfi_def_cfa_offset 4
 312              		@ sp needed
 313 001a 5DF804FB 		ldr	pc, [sp], #4
 314              	.LVL13:
ARM GAS  /tmp/ccgDNpMs.s 			page 10


 315              	.L20:
 316              	.LCFI11:
 317              		.cfi_restore_state
 162:Src/stm32f4xx_hal_msp.c ****   
 318              		.loc 1 162 5 is_stmt 1 view .LVU65
 319              	.LBB6:
 162:Src/stm32f4xx_hal_msp.c ****   
 320              		.loc 1 162 5 view .LVU66
 321 001e 0021     		movs	r1, #0
 322 0020 0191     		str	r1, [sp, #4]
 162:Src/stm32f4xx_hal_msp.c ****   
 323              		.loc 1 162 5 view .LVU67
 324 0022 03F59C33 		add	r3, r3, #79872
 325 0026 5A6C     		ldr	r2, [r3, #68]
 326 0028 42F00102 		orr	r2, r2, #1
 327 002c 5A64     		str	r2, [r3, #68]
 162:Src/stm32f4xx_hal_msp.c ****   
 328              		.loc 1 162 5 view .LVU68
 329 002e 5A6C     		ldr	r2, [r3, #68]
 330 0030 02F00102 		and	r2, r2, #1
 331 0034 0192     		str	r2, [sp, #4]
 162:Src/stm32f4xx_hal_msp.c ****   
 332              		.loc 1 162 5 view .LVU69
 333 0036 019A     		ldr	r2, [sp, #4]
 334              	.LBE6:
 162:Src/stm32f4xx_hal_msp.c ****   
 335              		.loc 1 162 5 view .LVU70
 164:Src/stm32f4xx_hal_msp.c ****     /**TIM1 GPIO Configuration    
 336              		.loc 1 164 5 view .LVU71
 337              	.LBB7:
 164:Src/stm32f4xx_hal_msp.c ****     /**TIM1 GPIO Configuration    
 338              		.loc 1 164 5 view .LVU72
 339 0038 0291     		str	r1, [sp, #8]
 164:Src/stm32f4xx_hal_msp.c ****     /**TIM1 GPIO Configuration    
 340              		.loc 1 164 5 view .LVU73
 341 003a 1A6B     		ldr	r2, [r3, #48]
 342 003c 42F00102 		orr	r2, r2, #1
 343 0040 1A63     		str	r2, [r3, #48]
 164:Src/stm32f4xx_hal_msp.c ****     /**TIM1 GPIO Configuration    
 344              		.loc 1 164 5 view .LVU74
 345 0042 1B6B     		ldr	r3, [r3, #48]
 346 0044 03F00103 		and	r3, r3, #1
 347 0048 0293     		str	r3, [sp, #8]
 164:Src/stm32f4xx_hal_msp.c ****     /**TIM1 GPIO Configuration    
 348              		.loc 1 164 5 view .LVU75
 349 004a 029B     		ldr	r3, [sp, #8]
 350              	.LBE7:
 164:Src/stm32f4xx_hal_msp.c ****     /**TIM1 GPIO Configuration    
 351              		.loc 1 164 5 view .LVU76
 168:Src/stm32f4xx_hal_msp.c ****     GPIO_InitStruct.Mode = GPIO_MODE_AF_PP;
 352              		.loc 1 168 5 view .LVU77
 168:Src/stm32f4xx_hal_msp.c ****     GPIO_InitStruct.Mode = GPIO_MODE_AF_PP;
 353              		.loc 1 168 25 is_stmt 0 view .LVU78
 354 004c 4FF48053 		mov	r3, #4096
 355 0050 0393     		str	r3, [sp, #12]
 169:Src/stm32f4xx_hal_msp.c ****     GPIO_InitStruct.Pull = GPIO_NOPULL;
 356              		.loc 1 169 5 is_stmt 1 view .LVU79
ARM GAS  /tmp/ccgDNpMs.s 			page 11


 169:Src/stm32f4xx_hal_msp.c ****     GPIO_InitStruct.Pull = GPIO_NOPULL;
 357              		.loc 1 169 26 is_stmt 0 view .LVU80
 358 0052 0223     		movs	r3, #2
 359 0054 0493     		str	r3, [sp, #16]
 170:Src/stm32f4xx_hal_msp.c ****     GPIO_InitStruct.Speed = GPIO_SPEED_FREQ_LOW;
 360              		.loc 1 170 5 is_stmt 1 view .LVU81
 171:Src/stm32f4xx_hal_msp.c ****     GPIO_InitStruct.Alternate = GPIO_AF1_TIM1;
 361              		.loc 1 171 5 view .LVU82
 172:Src/stm32f4xx_hal_msp.c ****     HAL_GPIO_Init(GPIOA, &GPIO_InitStruct);
 362              		.loc 1 172 5 view .LVU83
 172:Src/stm32f4xx_hal_msp.c ****     HAL_GPIO_Init(GPIOA, &GPIO_InitStruct);
 363              		.loc 1 172 31 is_stmt 0 view .LVU84
 364 0056 0123     		movs	r3, #1
 365 0058 0793     		str	r3, [sp, #28]
 173:Src/stm32f4xx_hal_msp.c **** 
 366              		.loc 1 173 5 is_stmt 1 view .LVU85
 367 005a 03A9     		add	r1, sp, #12
 368 005c 0248     		ldr	r0, .L21+4
 369              	.LVL14:
 173:Src/stm32f4xx_hal_msp.c **** 
 370              		.loc 1 173 5 is_stmt 0 view .LVU86
 371 005e FFF7FEFF 		bl	HAL_GPIO_Init
 372              	.LVL15:
 373              		.loc 1 180 1 view .LVU87
 374 0062 D9E7     		b	.L17
 375              	.L22:
 376              		.align	2
 377              	.L21:
 378 0064 00000140 		.word	1073807360
 379 0068 00000240 		.word	1073872896
 380              		.cfi_endproc
 381              	.LFE133:
 383              		.section	.text.HAL_TIM_Base_MspDeInit,"ax",%progbits
 384              		.align	1
 385              		.global	HAL_TIM_Base_MspDeInit
 386              		.syntax unified
 387              		.thumb
 388              		.thumb_func
 389              		.fpu fpv4-sp-d16
 391              	HAL_TIM_Base_MspDeInit:
 392              	.LVL16:
 393              	.LFB134:
 181:Src/stm32f4xx_hal_msp.c **** 
 182:Src/stm32f4xx_hal_msp.c **** /**
 183:Src/stm32f4xx_hal_msp.c **** * @brief TIM_Base MSP De-Initialization
 184:Src/stm32f4xx_hal_msp.c **** * This function freeze the hardware resources used in this example
 185:Src/stm32f4xx_hal_msp.c **** * @param htim_base: TIM_Base handle pointer
 186:Src/stm32f4xx_hal_msp.c **** * @retval None
 187:Src/stm32f4xx_hal_msp.c **** */
 188:Src/stm32f4xx_hal_msp.c **** void HAL_TIM_Base_MspDeInit(TIM_HandleTypeDef* htim_base)
 189:Src/stm32f4xx_hal_msp.c **** {
 394              		.loc 1 189 1 is_stmt 1 view -0
 395              		.cfi_startproc
 396              		@ args = 0, pretend = 0, frame = 0
 397              		@ frame_needed = 0, uses_anonymous_args = 0
 398              		.loc 1 189 1 is_stmt 0 view .LVU89
 399 0000 08B5     		push	{r3, lr}
ARM GAS  /tmp/ccgDNpMs.s 			page 12


 400              	.LCFI12:
 401              		.cfi_def_cfa_offset 8
 402              		.cfi_offset 3, -8
 403              		.cfi_offset 14, -4
 190:Src/stm32f4xx_hal_msp.c ****   if(htim_base->Instance==TIM1)
 404              		.loc 1 190 3 is_stmt 1 view .LVU90
 405              		.loc 1 190 15 is_stmt 0 view .LVU91
 406 0002 0268     		ldr	r2, [r0]
 407              		.loc 1 190 5 view .LVU92
 408 0004 074B     		ldr	r3, .L27
 409 0006 9A42     		cmp	r2, r3
 410 0008 00D0     		beq	.L26
 411              	.LVL17:
 412              	.L23:
 191:Src/stm32f4xx_hal_msp.c ****   {
 192:Src/stm32f4xx_hal_msp.c ****   /* USER CODE BEGIN TIM1_MspDeInit 0 */
 193:Src/stm32f4xx_hal_msp.c **** 
 194:Src/stm32f4xx_hal_msp.c ****   /* USER CODE END TIM1_MspDeInit 0 */
 195:Src/stm32f4xx_hal_msp.c ****     /* Peripheral clock disable */
 196:Src/stm32f4xx_hal_msp.c ****     __HAL_RCC_TIM1_CLK_DISABLE();
 197:Src/stm32f4xx_hal_msp.c ****   
 198:Src/stm32f4xx_hal_msp.c ****     /**TIM1 GPIO Configuration    
 199:Src/stm32f4xx_hal_msp.c ****     PA12     ------> TIM1_ETR 
 200:Src/stm32f4xx_hal_msp.c ****     */
 201:Src/stm32f4xx_hal_msp.c ****     HAL_GPIO_DeInit(GPIOA, GPIO_PIN_12);
 202:Src/stm32f4xx_hal_msp.c **** 
 203:Src/stm32f4xx_hal_msp.c ****   /* USER CODE BEGIN TIM1_MspDeInit 1 */
 204:Src/stm32f4xx_hal_msp.c **** 
 205:Src/stm32f4xx_hal_msp.c ****   /* USER CODE END TIM1_MspDeInit 1 */
 206:Src/stm32f4xx_hal_msp.c ****   }
 207:Src/stm32f4xx_hal_msp.c **** 
 208:Src/stm32f4xx_hal_msp.c **** }
 413              		.loc 1 208 1 view .LVU93
 414 000a 08BD     		pop	{r3, pc}
 415              	.LVL18:
 416              	.L26:
 196:Src/stm32f4xx_hal_msp.c ****   
 417              		.loc 1 196 5 is_stmt 1 view .LVU94
 418 000c 064A     		ldr	r2, .L27+4
 419 000e 536C     		ldr	r3, [r2, #68]
 420 0010 23F00103 		bic	r3, r3, #1
 421 0014 5364     		str	r3, [r2, #68]
 201:Src/stm32f4xx_hal_msp.c **** 
 422              		.loc 1 201 5 view .LVU95
 423 0016 4FF48051 		mov	r1, #4096
 424 001a 0448     		ldr	r0, .L27+8
 425              	.LVL19:
 201:Src/stm32f4xx_hal_msp.c **** 
 426              		.loc 1 201 5 is_stmt 0 view .LVU96
 427 001c FFF7FEFF 		bl	HAL_GPIO_DeInit
 428              	.LVL20:
 429              		.loc 1 208 1 view .LVU97
 430 0020 F3E7     		b	.L23
 431              	.L28:
 432 0022 00BF     		.align	2
 433              	.L27:
 434 0024 00000140 		.word	1073807360
ARM GAS  /tmp/ccgDNpMs.s 			page 13


 435 0028 00380240 		.word	1073887232
 436 002c 00000240 		.word	1073872896
 437              		.cfi_endproc
 438              	.LFE134:
 440              		.section	.text.HAL_UART_MspInit,"ax",%progbits
 441              		.align	1
 442              		.global	HAL_UART_MspInit
 443              		.syntax unified
 444              		.thumb
 445              		.thumb_func
 446              		.fpu fpv4-sp-d16
 448              	HAL_UART_MspInit:
 449              	.LVL21:
 450              	.LFB135:
 209:Src/stm32f4xx_hal_msp.c **** 
 210:Src/stm32f4xx_hal_msp.c **** /**
 211:Src/stm32f4xx_hal_msp.c **** * @brief UART MSP Initialization
 212:Src/stm32f4xx_hal_msp.c **** * This function configures the hardware resources used in this example
 213:Src/stm32f4xx_hal_msp.c **** * @param huart: UART handle pointer
 214:Src/stm32f4xx_hal_msp.c **** * @retval None
 215:Src/stm32f4xx_hal_msp.c **** */
 216:Src/stm32f4xx_hal_msp.c **** void HAL_UART_MspInit(UART_HandleTypeDef* huart)
 217:Src/stm32f4xx_hal_msp.c **** {
 451              		.loc 1 217 1 is_stmt 1 view -0
 452              		.cfi_startproc
 453              		@ args = 0, pretend = 0, frame = 32
 454              		@ frame_needed = 0, uses_anonymous_args = 0
 455              		.loc 1 217 1 is_stmt 0 view .LVU99
 456 0000 00B5     		push	{lr}
 457              	.LCFI13:
 458              		.cfi_def_cfa_offset 4
 459              		.cfi_offset 14, -4
 460 0002 89B0     		sub	sp, sp, #36
 461              	.LCFI14:
 462              		.cfi_def_cfa_offset 40
 218:Src/stm32f4xx_hal_msp.c ****   GPIO_InitTypeDef GPIO_InitStruct = {0};
 463              		.loc 1 218 3 is_stmt 1 view .LVU100
 464              		.loc 1 218 20 is_stmt 0 view .LVU101
 465 0004 0023     		movs	r3, #0
 466 0006 0393     		str	r3, [sp, #12]
 467 0008 0493     		str	r3, [sp, #16]
 468 000a 0593     		str	r3, [sp, #20]
 469 000c 0693     		str	r3, [sp, #24]
 470 000e 0793     		str	r3, [sp, #28]
 219:Src/stm32f4xx_hal_msp.c ****   if(huart->Instance==USART2)
 471              		.loc 1 219 3 is_stmt 1 view .LVU102
 472              		.loc 1 219 11 is_stmt 0 view .LVU103
 473 0010 0268     		ldr	r2, [r0]
 474              		.loc 1 219 5 view .LVU104
 475 0012 154B     		ldr	r3, .L33
 476 0014 9A42     		cmp	r2, r3
 477 0016 02D0     		beq	.L32
 478              	.LVL22:
 479              	.L29:
 220:Src/stm32f4xx_hal_msp.c ****   {
 221:Src/stm32f4xx_hal_msp.c ****   /* USER CODE BEGIN USART2_MspInit 0 */
 222:Src/stm32f4xx_hal_msp.c **** 
ARM GAS  /tmp/ccgDNpMs.s 			page 14


 223:Src/stm32f4xx_hal_msp.c ****   /* USER CODE END USART2_MspInit 0 */
 224:Src/stm32f4xx_hal_msp.c ****     /* Peripheral clock enable */
 225:Src/stm32f4xx_hal_msp.c ****     __HAL_RCC_USART2_CLK_ENABLE();
 226:Src/stm32f4xx_hal_msp.c ****   
 227:Src/stm32f4xx_hal_msp.c ****     __HAL_RCC_GPIOA_CLK_ENABLE();
 228:Src/stm32f4xx_hal_msp.c ****     /**USART2 GPIO Configuration    
 229:Src/stm32f4xx_hal_msp.c ****     PA2     ------> USART2_TX
 230:Src/stm32f4xx_hal_msp.c ****     PA3     ------> USART2_RX 
 231:Src/stm32f4xx_hal_msp.c ****     */
 232:Src/stm32f4xx_hal_msp.c ****     GPIO_InitStruct.Pin = USART_TX_Pin|USART_RX_Pin;
 233:Src/stm32f4xx_hal_msp.c ****     GPIO_InitStruct.Mode = GPIO_MODE_AF_PP;
 234:Src/stm32f4xx_hal_msp.c ****     GPIO_InitStruct.Pull = GPIO_NOPULL;
 235:Src/stm32f4xx_hal_msp.c ****     GPIO_InitStruct.Speed = GPIO_SPEED_FREQ_VERY_HIGH;
 236:Src/stm32f4xx_hal_msp.c ****     GPIO_InitStruct.Alternate = GPIO_AF7_USART2;
 237:Src/stm32f4xx_hal_msp.c ****     HAL_GPIO_Init(GPIOA, &GPIO_InitStruct);
 238:Src/stm32f4xx_hal_msp.c **** 
 239:Src/stm32f4xx_hal_msp.c ****   /* USER CODE BEGIN USART2_MspInit 1 */
 240:Src/stm32f4xx_hal_msp.c **** 
 241:Src/stm32f4xx_hal_msp.c ****   /* USER CODE END USART2_MspInit 1 */
 242:Src/stm32f4xx_hal_msp.c ****   }
 243:Src/stm32f4xx_hal_msp.c **** 
 244:Src/stm32f4xx_hal_msp.c **** }
 480              		.loc 1 244 1 view .LVU105
 481 0018 09B0     		add	sp, sp, #36
 482              	.LCFI15:
 483              		.cfi_remember_state
 484              		.cfi_def_cfa_offset 4
 485              		@ sp needed
 486 001a 5DF804FB 		ldr	pc, [sp], #4
 487              	.LVL23:
 488              	.L32:
 489              	.LCFI16:
 490              		.cfi_restore_state
 225:Src/stm32f4xx_hal_msp.c ****   
 491              		.loc 1 225 5 is_stmt 1 view .LVU106
 492              	.LBB8:
 225:Src/stm32f4xx_hal_msp.c ****   
 493              		.loc 1 225 5 view .LVU107
 494 001e 0021     		movs	r1, #0
 495 0020 0191     		str	r1, [sp, #4]
 225:Src/stm32f4xx_hal_msp.c ****   
 496              		.loc 1 225 5 view .LVU108
 497 0022 03F5FA33 		add	r3, r3, #128000
 498 0026 1A6C     		ldr	r2, [r3, #64]
 499 0028 42F40032 		orr	r2, r2, #131072
 500 002c 1A64     		str	r2, [r3, #64]
 225:Src/stm32f4xx_hal_msp.c ****   
 501              		.loc 1 225 5 view .LVU109
 502 002e 1A6C     		ldr	r2, [r3, #64]
 503 0030 02F40032 		and	r2, r2, #131072
 504 0034 0192     		str	r2, [sp, #4]
 225:Src/stm32f4xx_hal_msp.c ****   
 505              		.loc 1 225 5 view .LVU110
 506 0036 019A     		ldr	r2, [sp, #4]
 507              	.LBE8:
 225:Src/stm32f4xx_hal_msp.c ****   
 508              		.loc 1 225 5 view .LVU111
ARM GAS  /tmp/ccgDNpMs.s 			page 15


 227:Src/stm32f4xx_hal_msp.c ****     /**USART2 GPIO Configuration    
 509              		.loc 1 227 5 view .LVU112
 510              	.LBB9:
 227:Src/stm32f4xx_hal_msp.c ****     /**USART2 GPIO Configuration    
 511              		.loc 1 227 5 view .LVU113
 512 0038 0291     		str	r1, [sp, #8]
 227:Src/stm32f4xx_hal_msp.c ****     /**USART2 GPIO Configuration    
 513              		.loc 1 227 5 view .LVU114
 514 003a 1A6B     		ldr	r2, [r3, #48]
 515 003c 42F00102 		orr	r2, r2, #1
 516 0040 1A63     		str	r2, [r3, #48]
 227:Src/stm32f4xx_hal_msp.c ****     /**USART2 GPIO Configuration    
 517              		.loc 1 227 5 view .LVU115
 518 0042 1B6B     		ldr	r3, [r3, #48]
 519 0044 03F00103 		and	r3, r3, #1
 520 0048 0293     		str	r3, [sp, #8]
 227:Src/stm32f4xx_hal_msp.c ****     /**USART2 GPIO Configuration    
 521              		.loc 1 227 5 view .LVU116
 522 004a 029B     		ldr	r3, [sp, #8]
 523              	.LBE9:
 227:Src/stm32f4xx_hal_msp.c ****     /**USART2 GPIO Configuration    
 524              		.loc 1 227 5 view .LVU117
 232:Src/stm32f4xx_hal_msp.c ****     GPIO_InitStruct.Mode = GPIO_MODE_AF_PP;
 525              		.loc 1 232 5 view .LVU118
 232:Src/stm32f4xx_hal_msp.c ****     GPIO_InitStruct.Mode = GPIO_MODE_AF_PP;
 526              		.loc 1 232 25 is_stmt 0 view .LVU119
 527 004c 0C23     		movs	r3, #12
 528 004e 0393     		str	r3, [sp, #12]
 233:Src/stm32f4xx_hal_msp.c ****     GPIO_InitStruct.Pull = GPIO_NOPULL;
 529              		.loc 1 233 5 is_stmt 1 view .LVU120
 233:Src/stm32f4xx_hal_msp.c ****     GPIO_InitStruct.Pull = GPIO_NOPULL;
 530              		.loc 1 233 26 is_stmt 0 view .LVU121
 531 0050 0223     		movs	r3, #2
 532 0052 0493     		str	r3, [sp, #16]
 234:Src/stm32f4xx_hal_msp.c ****     GPIO_InitStruct.Speed = GPIO_SPEED_FREQ_VERY_HIGH;
 533              		.loc 1 234 5 is_stmt 1 view .LVU122
 235:Src/stm32f4xx_hal_msp.c ****     GPIO_InitStruct.Alternate = GPIO_AF7_USART2;
 534              		.loc 1 235 5 view .LVU123
 235:Src/stm32f4xx_hal_msp.c ****     GPIO_InitStruct.Alternate = GPIO_AF7_USART2;
 535              		.loc 1 235 27 is_stmt 0 view .LVU124
 536 0054 0323     		movs	r3, #3
 537 0056 0693     		str	r3, [sp, #24]
 236:Src/stm32f4xx_hal_msp.c ****     HAL_GPIO_Init(GPIOA, &GPIO_InitStruct);
 538              		.loc 1 236 5 is_stmt 1 view .LVU125
 236:Src/stm32f4xx_hal_msp.c ****     HAL_GPIO_Init(GPIOA, &GPIO_InitStruct);
 539              		.loc 1 236 31 is_stmt 0 view .LVU126
 540 0058 0723     		movs	r3, #7
 541 005a 0793     		str	r3, [sp, #28]
 237:Src/stm32f4xx_hal_msp.c **** 
 542              		.loc 1 237 5 is_stmt 1 view .LVU127
 543 005c 03A9     		add	r1, sp, #12
 544 005e 0348     		ldr	r0, .L33+4
 545              	.LVL24:
 237:Src/stm32f4xx_hal_msp.c **** 
 546              		.loc 1 237 5 is_stmt 0 view .LVU128
 547 0060 FFF7FEFF 		bl	HAL_GPIO_Init
 548              	.LVL25:
ARM GAS  /tmp/ccgDNpMs.s 			page 16


 549              		.loc 1 244 1 view .LVU129
 550 0064 D8E7     		b	.L29
 551              	.L34:
 552 0066 00BF     		.align	2
 553              	.L33:
 554 0068 00440040 		.word	1073759232
 555 006c 00000240 		.word	1073872896
 556              		.cfi_endproc
 557              	.LFE135:
 559              		.section	.text.HAL_UART_MspDeInit,"ax",%progbits
 560              		.align	1
 561              		.global	HAL_UART_MspDeInit
 562              		.syntax unified
 563              		.thumb
 564              		.thumb_func
 565              		.fpu fpv4-sp-d16
 567              	HAL_UART_MspDeInit:
 568              	.LVL26:
 569              	.LFB136:
 245:Src/stm32f4xx_hal_msp.c **** 
 246:Src/stm32f4xx_hal_msp.c **** /**
 247:Src/stm32f4xx_hal_msp.c **** * @brief UART MSP De-Initialization
 248:Src/stm32f4xx_hal_msp.c **** * This function freeze the hardware resources used in this example
 249:Src/stm32f4xx_hal_msp.c **** * @param huart: UART handle pointer
 250:Src/stm32f4xx_hal_msp.c **** * @retval None
 251:Src/stm32f4xx_hal_msp.c **** */
 252:Src/stm32f4xx_hal_msp.c **** void HAL_UART_MspDeInit(UART_HandleTypeDef* huart)
 253:Src/stm32f4xx_hal_msp.c **** {
 570              		.loc 1 253 1 is_stmt 1 view -0
 571              		.cfi_startproc
 572              		@ args = 0, pretend = 0, frame = 0
 573              		@ frame_needed = 0, uses_anonymous_args = 0
 574              		.loc 1 253 1 is_stmt 0 view .LVU131
 575 0000 08B5     		push	{r3, lr}
 576              	.LCFI17:
 577              		.cfi_def_cfa_offset 8
 578              		.cfi_offset 3, -8
 579              		.cfi_offset 14, -4
 254:Src/stm32f4xx_hal_msp.c ****   if(huart->Instance==USART2)
 580              		.loc 1 254 3 is_stmt 1 view .LVU132
 581              		.loc 1 254 11 is_stmt 0 view .LVU133
 582 0002 0268     		ldr	r2, [r0]
 583              		.loc 1 254 5 view .LVU134
 584 0004 064B     		ldr	r3, .L39
 585 0006 9A42     		cmp	r2, r3
 586 0008 00D0     		beq	.L38
 587              	.LVL27:
 588              	.L35:
 255:Src/stm32f4xx_hal_msp.c ****   {
 256:Src/stm32f4xx_hal_msp.c ****   /* USER CODE BEGIN USART2_MspDeInit 0 */
 257:Src/stm32f4xx_hal_msp.c **** 
 258:Src/stm32f4xx_hal_msp.c ****   /* USER CODE END USART2_MspDeInit 0 */
 259:Src/stm32f4xx_hal_msp.c ****     /* Peripheral clock disable */
 260:Src/stm32f4xx_hal_msp.c ****     __HAL_RCC_USART2_CLK_DISABLE();
 261:Src/stm32f4xx_hal_msp.c ****   
 262:Src/stm32f4xx_hal_msp.c ****     /**USART2 GPIO Configuration    
 263:Src/stm32f4xx_hal_msp.c ****     PA2     ------> USART2_TX
ARM GAS  /tmp/ccgDNpMs.s 			page 17


 264:Src/stm32f4xx_hal_msp.c ****     PA3     ------> USART2_RX 
 265:Src/stm32f4xx_hal_msp.c ****     */
 266:Src/stm32f4xx_hal_msp.c ****     HAL_GPIO_DeInit(GPIOA, USART_TX_Pin|USART_RX_Pin);
 267:Src/stm32f4xx_hal_msp.c **** 
 268:Src/stm32f4xx_hal_msp.c ****   /* USER CODE BEGIN USART2_MspDeInit 1 */
 269:Src/stm32f4xx_hal_msp.c **** 
 270:Src/stm32f4xx_hal_msp.c ****   /* USER CODE END USART2_MspDeInit 1 */
 271:Src/stm32f4xx_hal_msp.c ****   }
 272:Src/stm32f4xx_hal_msp.c **** 
 273:Src/stm32f4xx_hal_msp.c **** }
 589              		.loc 1 273 1 view .LVU135
 590 000a 08BD     		pop	{r3, pc}
 591              	.LVL28:
 592              	.L38:
 260:Src/stm32f4xx_hal_msp.c ****   
 593              		.loc 1 260 5 is_stmt 1 view .LVU136
 594 000c 054A     		ldr	r2, .L39+4
 595 000e 136C     		ldr	r3, [r2, #64]
 596 0010 23F40033 		bic	r3, r3, #131072
 597 0014 1364     		str	r3, [r2, #64]
 266:Src/stm32f4xx_hal_msp.c **** 
 598              		.loc 1 266 5 view .LVU137
 599 0016 0C21     		movs	r1, #12
 600 0018 0348     		ldr	r0, .L39+8
 601              	.LVL29:
 266:Src/stm32f4xx_hal_msp.c **** 
 602              		.loc 1 266 5 is_stmt 0 view .LVU138
 603 001a FFF7FEFF 		bl	HAL_GPIO_DeInit
 604              	.LVL30:
 605              		.loc 1 273 1 view .LVU139
 606 001e F4E7     		b	.L35
 607              	.L40:
 608              		.align	2
 609              	.L39:
 610 0020 00440040 		.word	1073759232
 611 0024 00380240 		.word	1073887232
 612 0028 00000240 		.word	1073872896
 613              		.cfi_endproc
 614              	.LFE136:
 616              		.text
 617              	.Letext0:
 618              		.file 2 "/usr/arm-none-eabi/include/machine/_default_types.h"
 619              		.file 3 "/usr/arm-none-eabi/include/sys/_stdint.h"
 620              		.file 4 "Drivers/CMSIS/Include/core_cm4.h"
 621              		.file 5 "Drivers/CMSIS/Device/ST/STM32F4xx/Include/system_stm32f4xx.h"
 622              		.file 6 "Drivers/CMSIS/Device/ST/STM32F4xx/Include/stm32f446xx.h"
 623              		.file 7 "Drivers/STM32F4xx_HAL_Driver/Inc/stm32f4xx_hal_def.h"
 624              		.file 8 "Drivers/STM32F4xx_HAL_Driver/Inc/stm32f4xx_hal_gpio.h"
 625              		.file 9 "Drivers/STM32F4xx_HAL_Driver/Inc/stm32f4xx_hal_dma.h"
 626              		.file 10 "Drivers/STM32F4xx_HAL_Driver/Inc/stm32f4xx_hal_spi.h"
 627              		.file 11 "Drivers/STM32F4xx_HAL_Driver/Inc/stm32f4xx_hal_tim.h"
 628              		.file 12 "Drivers/STM32F4xx_HAL_Driver/Inc/stm32f4xx_hal_uart.h"
 629              		.file 13 "Drivers/STM32F4xx_HAL_Driver/Inc/stm32f4xx_hal.h"
 630              		.file 14 "Drivers/STM32F4xx_HAL_Driver/Inc/stm32f4xx_hal_cortex.h"
ARM GAS  /tmp/ccgDNpMs.s 			page 18


DEFINED SYMBOLS
                            *ABS*:0000000000000000 stm32f4xx_hal_msp.c
     /tmp/ccgDNpMs.s:18     .text.HAL_MspInit:0000000000000000 $t
     /tmp/ccgDNpMs.s:26     .text.HAL_MspInit:0000000000000000 HAL_MspInit
     /tmp/ccgDNpMs.s:87     .text.HAL_MspInit:000000000000003c $d
     /tmp/ccgDNpMs.s:92     .text.HAL_SPI_MspInit:0000000000000000 $t
     /tmp/ccgDNpMs.s:99     .text.HAL_SPI_MspInit:0000000000000000 HAL_SPI_MspInit
     /tmp/ccgDNpMs.s:205    .text.HAL_SPI_MspInit:0000000000000068 $d
     /tmp/ccgDNpMs.s:211    .text.HAL_SPI_MspDeInit:0000000000000000 $t
     /tmp/ccgDNpMs.s:218    .text.HAL_SPI_MspDeInit:0000000000000000 HAL_SPI_MspDeInit
     /tmp/ccgDNpMs.s:261    .text.HAL_SPI_MspDeInit:0000000000000020 $d
     /tmp/ccgDNpMs.s:268    .text.HAL_TIM_Base_MspInit:0000000000000000 $t
     /tmp/ccgDNpMs.s:275    .text.HAL_TIM_Base_MspInit:0000000000000000 HAL_TIM_Base_MspInit
     /tmp/ccgDNpMs.s:378    .text.HAL_TIM_Base_MspInit:0000000000000064 $d
     /tmp/ccgDNpMs.s:384    .text.HAL_TIM_Base_MspDeInit:0000000000000000 $t
     /tmp/ccgDNpMs.s:391    .text.HAL_TIM_Base_MspDeInit:0000000000000000 HAL_TIM_Base_MspDeInit
     /tmp/ccgDNpMs.s:434    .text.HAL_TIM_Base_MspDeInit:0000000000000024 $d
     /tmp/ccgDNpMs.s:441    .text.HAL_UART_MspInit:0000000000000000 $t
     /tmp/ccgDNpMs.s:448    .text.HAL_UART_MspInit:0000000000000000 HAL_UART_MspInit
     /tmp/ccgDNpMs.s:554    .text.HAL_UART_MspInit:0000000000000068 $d
     /tmp/ccgDNpMs.s:560    .text.HAL_UART_MspDeInit:0000000000000000 $t
     /tmp/ccgDNpMs.s:567    .text.HAL_UART_MspDeInit:0000000000000000 HAL_UART_MspDeInit
     /tmp/ccgDNpMs.s:610    .text.HAL_UART_MspDeInit:0000000000000020 $d

UNDEFINED SYMBOLS
HAL_NVIC_SetPriorityGrouping
HAL_GPIO_Init
HAL_GPIO_DeInit
